<?xml version="1.0" encoding="UTF-8"?>
<testng-results total="7" passed="7" failed="0" skipped="0">
  <reporter-output>
  </reporter-output>
  <suite started-at="2023-06-13T13:47:27Z" name="Default suite" finished-at="2023-06-13T13:47:37Z" duration-ms="10124">
    <groups>
    </groups>
    <test started-at="2023-06-13T13:47:27Z" name="Default test" finished-at="2023-06-13T13:47:37Z" duration-ms="10124">
      <class name="Modules.TrainerManagement">
        <test-method is-config="true" signature="launch()[pri:0, instance:Modules.TrainerManagement@475e586c]" started-at="2023-06-13T19:17:27Z" name="launch" finished-at="2023-06-13T19:17:30Z" duration-ms="2748" status="PASS">
          <reporter-output>
          </reporter-output>
        </test-method> <!-- launch -->
        <test-method signature="Test_verifyTitle()[pri:0, instance:Modules.TrainerManagement@475e586c]" started-at="2023-06-13T19:17:30Z" name="Test_verifyTitle" finished-at="2023-06-13T19:17:33Z" duration-ms="2608" status="PASS">
          <reporter-output>
          </reporter-output>
        </test-method> <!-- Test_verifyTitle -->
        <test-method signature="Test_LoginIn()[pri:0, instance:Modules.TrainerManagement@475e586c]" started-at="2023-06-13T19:17:33Z" name="Test_LoginIn" finished-at="2023-06-13T19:17:33Z" duration-ms="343" status="PASS">
          <reporter-output>
          </reporter-output>
        </test-method> <!-- Test_LoginIn -->
        <test-method signature="Test_StudentManag()[pri:0, instance:Modules.TrainerManagement@475e586c]" started-at="2023-06-13T19:17:33Z" name="Test_StudentManag" finished-at="2023-06-13T19:17:34Z" duration-ms="1303" status="PASS">
          <reporter-output>
          </reporter-output>
        </test-method> <!-- Test_StudentManag -->
        <test-method signature="Test_Search()[pri:0, instance:Modules.TrainerManagement@475e586c]" started-at="2023-06-13T19:17:34Z" name="Test_Search" finished-at="2023-06-13T19:17:35Z" duration-ms="615" status="PASS">
          <reporter-output>
          </reporter-output>
        </test-method> <!-- Test_Search -->
        <test-method signature="Test_Card_TotalTrainers()[pri:0, instance:Modules.TrainerManagement@475e586c]" started-at="2023-06-13T19:17:35Z" name="Test_Card_TotalTrainers" finished-at="2023-06-13T19:17:35Z" duration-ms="59" status="PASS">
          <reporter-output>
          </reporter-output>
        </test-method> <!-- Test_Card_TotalTrainers -->
        <test-method signature="Test_tablePaginationTrainerManag()[pri:0, instance:Modules.TrainerManagement@475e586c]" started-at="2023-06-13T19:17:35Z" name="Test_tablePaginationTrainerManag" finished-at="2023-06-13T19:17:37Z" duration-ms="1881" status="PASS">
          <reporter-output>
          </reporter-output>
        </test-method> <!-- Test_tablePaginationTrainerManag -->
        <test-method signature="Test_ActionDelete()[pri:0, instance:Modules.TrainerManagement@475e586c]" started-at="2023-06-13T19:17:37Z" name="Test_ActionDelete" finished-at="2023-06-13T19:17:37Z" duration-ms="505" status="PASS">
          <reporter-output>
          </reporter-output>
        </test-method> <!-- Test_ActionDelete -->
      </class> <!-- Modules.TrainerManagement -->
    </test> <!-- Default test -->
  </suite> <!-- Default suite -->
</testng-results>
